<?xml version="1.0" encoding="UTF-8"?>
<Site BuildName="(empty)"
	BuildStamp="20241023-0036-Experimental"
	Name="(empty)"
	Generator="ctest-3.31.0-rc2"
	CompilerName=""
	CompilerVersion=""
	OSName="Windows"
	Hostname="natsbeb"
	OSRelease=" Personal"
	OSVersion=" (Build 22631)"
	OSPlatform="AMD64"
	Is64Bits="1"
	VendorString="GenuineIntel"
	VendorID="Intel Corporation"
	FamilyID="6"
	ModelID="10"
	ModelName=""
	ProcessorCacheSize="-1"
	NumberOfLogicalCPU="12"
	NumberOfPhysicalCPU="10"
	TotalVirtualMemory="24400"
	TotalPhysicalMemory="16208"
	LogicalProcessorsPerPhysical="1"
	ProcessorClockFrequency="2611"
	>
	<Testing>
		<StartDateTime>Oct 23 10:38 Pacific Daylight Time</StartDateTime>
		<StartTestTime>1729705095</StartTestTime>
		<TestList/>
		<EndDateTime>Oct 23 10:38 Pacific Daylight Time</EndDateTime>
		<EndTestTime>1729705095</EndTestTime>
		<ElapsedMinutes>0</ElapsedMinutes>
	</Testing>
</Site>
